<?xml version="1.0" encoding="UTF-8"?>
<testng-results skipped="0" failed="0" total="0" passed="0">
  <reporter-output>
  </reporter-output>
  <suite name="com.bms.uki.automate.main.AppTest" duration-ms="2" started-at="2020-06-01T07:51:04Z" finished-at="2020-06-01T07:51:04Z">
    <groups>
    </groups>
    <test name="Command line test" duration-ms="2" started-at="2020-06-01T07:51:04Z" finished-at="2020-06-01T07:51:04Z">
    </test> <!-- Command line test -->
  </suite> <!-- com.bms.uki.automate.main.AppTest -->
</testng-results>
